<?xml version="1.0" encoding="UTF-8"?>
<!-- Generated by org.testng.reporters.JUnitReportReporter -->
<testsuite hostname="DESKTOP-VUHI299" failures="0" tests="2" name="testcases.rediff.StockManagement" time="10.776" errors="0" timestamp="2022-08-03T10:23:17 EDT" skipped="0">
  <testcase classname="testcases.rediff.StockManagement" name="addFreshStock" time="4.979"/>
  <system-out/>
  <testcase classname="testcases.rediff.StockManagement" name="selectPortfolio" time="5.797"/>
  <system-out/>
</testsuite> <!-- testcases.rediff.StockManagement -->
