<?xml version="1.0" encoding="UTF-8"?>
<!-- Generated by org.testng.reporters.JUnitReportReporter -->
<testsuite hostname="DESKTOP-VUHI299" failures="0" tests="1" name="testcases.rediff.Session" time="4.632" errors="0" timestamp="2022-08-03T10:23:17 EDT" skipped="0">
  <testcase classname="testcases.rediff.Session" name="doLogin" time="4.632"/>
  <system-out/>
</testsuite> <!-- testcases.rediff.Session -->
