<?xml version="1.0" encoding="UTF-8"?>
<!-- Generated by org.testng.reporters.JUnitReportReporter -->
<testsuite hostname="DESKTOP-VUHI299" failures="0" tests="1" name="testcases.rediff.PortfolioManagement" time="4.960" errors="0" timestamp="2022-08-02T14:31:01 EDT" skipped="0">
  <testcase classname="testcases.rediff.PortfolioManagement" name="createPortfolio" time="4.960"/>
  <system-out/>
</testsuite> <!-- testcases.rediff.PortfolioManagement -->
