<?xml version="1.0" encoding="UTF-8"?>
<!-- Generated by org.testng.reporters.JUnitReportReporter -->
<testsuite hostname="DESKTOP-VUHI299" failures="0" tests="1" name="bookingdemo.CustomerCommunications" time="0.000" errors="0" timestamp="2022-08-01T14:04:00 EDT" skipped="0">
  <testcase classname="bookingdemo.CustomerCommunications" name="check_email" time="0.000"/>
  <system-out/>
</testsuite> <!-- bookingdemo.CustomerCommunications -->
