<?xml version="1.0" encoding="UTF-8"?>
<!-- Generated by org.testng.reporters.JUnitReportReporter -->
<testsuite hostname="DESKTOP-VUHI299" failures="0" tests="3" name="bookingdemo.BookingSearch" time="0.003" errors="0" timestamp="2022-08-01T14:04:00 EDT" skipped="0">
  <testcase classname="bookingdemo.BookingSearch" name="select_hotel" time="0.000"/>
  <system-out/>
  <testcase classname="bookingdemo.BookingSearch" name="enterGuestInfo" time="0.000"/>
  <system-out/>
  <testcase classname="bookingdemo.BookingSearch" name="search_hotel" time="0.003"/>
  <system-out/>
</testsuite> <!-- bookingdemo.BookingSearch -->
